2025-01-08 10:14:00 | INFO | repo=pv243-a4m36jee-2016-security-seminar | action=commit
2025-05-24 13:36:00 | INFO | repo=pv243-a4m36jee-2016-security-seminar | action=commit
2025-05-09 19:44:00 | DEBUG | repo=pv243-a4m36jee-2016-security-seminar | action=commit
2025-10-26 19:37:00 | INFO | repo=pv243-a4m36jee-2016-security-seminar | action=commit
2025-12-13 15:30:00 | DEBUG | repo=pv243-a4m36jee-2016-security-seminar | action=commit
2025-03-18 18:43:00 | INFO | repo=pv243-a4m36jee-2016-security-seminar | action=test | passed=true
2025-01-15 12:00:00 | DEBUG | repo=pv243-a4m36jee-2016-security-seminar | action=commit
2025-11-11 21:00:00 | WARN | repo=pv243-a4m36jee-2016-security-seminar | action=edit | files=1
2025-11-12 19:41:00 | DEBUG | repo=pv243-a4m36jee-2016-security-seminar | action=commit
2025-05-01 12:10:00 | WARN | repo=pv243-a4m36jee-2016-security-seminar | action=commit
2025-05-24 08:01:00 | WARN | repo=pv243-a4m36jee-2016-security-seminar | action=pull
2025-06-25 15:02:00 | DEBUG | repo=pv243-a4m36jee-2016-security-seminar | action=commit
2025-02-20 09:15:00 | INFO | repo=pv243-a4m36jee-2016-security-seminar | action=commit
2025-08-04 18:58:00 | INFO | repo=pv243-a4m36jee-2016-security-seminar | action=edit | files=1
2025-11-10 14:05:00 | WARN | repo=pv243-a4m36jee-2016-security-seminar | action=commit
2025-04-17 13:22:00 | INFO | repo=pv243-a4m36jee-2016-security-seminar | action=test | passed=true
2025-04-11 11:18:00 | INFO | repo=pv243-a4m36jee-2016-security-seminar | action=commit
2025-09-23 07:09:00 | WARN | repo=pv243-a4m36jee-2016-security-seminar | action=commit
2025-06-15 07:33:00 | DEBUG | repo=pv243-a4m36jee-2016-security-seminar | action=commit
2025-02-13 07:25:00 | WARN | repo=pv243-a4m36jee-2016-security-seminar | action=commit
2025-02-17 20:47:00 | INFO | repo=pv243-a4m36jee-2016-security-seminar | action=commit
2025-06-05 13:54:00 | DEBUG | repo=pv243-a4m36jee-2016-security-seminar | action=commit
2025-09-23 11:48:00 | DEBUG | repo=pv243-a4m36jee-2016-security-seminar | action=commit
2025-02-10 11:18:00 | WARN | repo=pv243-a4m36jee-2016-security-seminar | action=commit
2025-10-25 10:16:00 | INFO | repo=pv243-a4m36jee-2016-security-seminar | action=commit
2025-04-20 20:59:00 | WARN | repo=pv243-a4m36jee-2016-security-seminar | action=commit
2025-10-18 18:30:00 | DEBUG | repo=pv243-a4m36jee-2016-security-seminar | action=commit
2025-10-11 11:47:00 | WARN | repo=pv243-a4m36jee-2016-security-seminar | action=test | passed=true
2025-10-22 13:46:00 | WARN | repo=pv243-a4m36jee-2016-security-seminar | action=commit
2025-08-05 08:12:00 | WARN | repo=pv243-a4m36jee-2016-security-seminar | action=test | passed=true
2025-11-02 15:32:00 | WARN | repo=pv243-a4m36jee-2016-security-seminar | action=pull
2025-06-13 19:00:00 | DEBUG | repo=pv243-a4m36jee-2016-security-seminar | action=commit
2025-03-09 21:15:00 | WARN | repo=pv243-a4m36jee-2016-security-seminar | action=commit
2025-05-18 12:10:00 | INFO | repo=pv243-a4m36jee-2016-security-seminar | action=commit
2025-06-13 21:50:00 | DEBUG | repo=pv243-a4m36jee-2016-security-seminar | action=commit
2025-10-02 19:14:00 | INFO | repo=pv243-a4m36jee-2016-security-seminar | action=commit
2025-10-02 20:45:00 | INFO | repo=pv243-a4m36jee-2016-security-seminar | action=commit
2025-01-24 19:33:00 | WARN | repo=pv243-a4m36jee-2016-security-seminar | action=commit
2025-01-04 08:39:00 | INFO | repo=pv243-a4m36jee-2016-security-seminar | action=edit | files=2
2025-09-25 19:19:00 | INFO | repo=pv243-a4m36jee-2016-security-seminar | action=pull
2025-01-20 17:33:00 | WARN | repo=pv243-a4m36jee-2016-security-seminar | action=commit
2025-02-09 15:02:00 | WARN | repo=pv243-a4m36jee-2016-security-seminar | action=commit
